<?xml version="1.0" encoding="UTF-8"?><testsuite name="tests" tests="4" errors="0" failures="0" time="0.002"><testcase classname="tests.ShoppingCartTest" name="test_item" time="0.000"/><testcase classname="tests.ShoppingCartTest" name="test_length" time="0.000"/><testcase classname="tests.ShoppingCartTest" name="test_price" time="0.000"/><testcase classname="tests.ShoppingCartTest" name="test_total_with_sales_tax" time="0.000"/><system-out><![CDATA[]]></system-out><system-err><![CDATA[]]></system-err></testsuite>